<?xml version="1.0" encoding="UTF-8"?>
<testsuite xmlns:xsi="http://www.w3.org/2001/XMLSchema-instance" xsi:noNamespaceSchemaLocation="https://maven.apache.org/surefire/maven-surefire-plugin/xsd/surefire-test-report.xsd" name="org.ediaz.junit5app.ejemplo.models.CuentaTest" time="7.163" tests="3" errors="2" skipped="0" failures="0">
  <properties>
[...]
</properties>
  <testcase name="timeOut2" classname="org.ediaz.junit5app.ejemplo.models.CuentaTest$TimeOutTes" time="0.081">
    <error message="timeOut2() timed out after 2 milliseconds" type="java.util.concurrent.TimeoutException">java.util.concurrent.TimeoutException: timeOut2() timed out after 2 milliseconds
</error>
    <system-out><![CDATA[Inicializando la clase de prueba
Iniciado el metodo.
Terminando el metodo de prueba
]]></system-out>
  </testcase>
  <testcase name="timeOut" classname="org.ediaz.junit5app.ejemplo.models.CuentaTest$TimeOutTes" time="5.017">
    <error message="timeOut() timed out after 5 seconds" type="java.util.concurrent.TimeoutException">java.util.concurrent.TimeoutException: timeOut() timed out after 5 seconds
</error>
    <system-out><![CDATA[Iniciado el metodo.
Terminando el metodo de prueba
]]></system-out>
  </testcase>
  <testcase name="timeOutAssertions" classname="org.ediaz.junit5app.ejemplo.models.CuentaTest$TimeOutTes" time="2.032"/>
</testsuite>